<?xml version="1.0" encoding="UTF-8"?>
<!-- Generated by org.testng.reporters.JUnitXMLReporter -->
<testsuite hostname="HISHAM-PC" name="Default test" tests="7" failures="0" timestamp="4 Nov 2015 21:15:44 GMT" time="1.105" errors="0">
  <testcase name="testLoginAPI" time="0.019" classname="dataProvider.Excel2Json"/>
  <testcase name="testLoginAPI" time="0.001" classname="dataProvider.Excel2Json"/>
  <testcase name="testLoginAPI" time="0.001" classname="dataProvider.Excel2Json"/>
  <testcase name="testLoginAPI" time="0.001" classname="dataProvider.Excel2Json"/>
  <testcase name="testLoginAPI" time="0.001" classname="dataProvider.Excel2Json"/>
  <testcase name="testLoginAPI" time="0.008" classname="dataProvider.Excel2Json"/>
  <testcase name="testLoginAPI" time="0.001" classname="dataProvider.Excel2Json"/>
</testsuite> <!-- Default test -->
