<?xml version="1.0" encoding="UTF-8"?>
<!-- Generated by org.testng.reporters.JUnitXMLReporter -->
<testsuite hostname="DELL-PC" name="Default test" tests="7" failures="0" timestamp="5 Nov 2015 07:26:52 GMT" time="2.368" errors="0">
  <testcase name="testLoginAPI" time="0.07" classname="dataProvider.Excel2Json"/>
  <testcase name="testLoginAPI" time="0.0" classname="dataProvider.Excel2Json"/>
  <testcase name="testLoginAPI" time="0.0" classname="dataProvider.Excel2Json"/>
  <testcase name="testLoginAPI" time="0.0" classname="dataProvider.Excel2Json"/>
  <testcase name="testLoginAPI" time="0.0" classname="dataProvider.Excel2Json"/>
  <testcase name="testLoginAPI" time="0.001" classname="dataProvider.Excel2Json"/>
  <testcase name="testLoginAPI" time="0.001" classname="dataProvider.Excel2Json"/>
</testsuite> <!-- Default test -->
