<?xml version="1.0" encoding="UTF-8"?>
<testng-results skipped="0" failed="0" total="6" passed="6">
  <reporter-output>
  </reporter-output>
  <suite name="Default suite" duration-ms="1171" started-at="2015-11-05T13:49:07Z" finished-at="2015-11-05T13:49:08Z">
    <groups>
    </groups>
    <test name="Default test" duration-ms="1171" started-at="2015-11-05T13:49:07Z" finished-at="2015-11-05T13:49:08Z">
      <class name="dataProvider.Excel2Json">
        <test-method status="PASS" signature="testGetRightsAPI(org.json.JSONObject)[pri:0, instance:dataProvider.Excel2Json@6a790e37]" name="testGetRightsAPI" duration-ms="13" started-at="2015-11-05T19:49:08Z" data-provider="getRequestJSON" finished-at="2015-11-05T19:49:08Z">
          <params>
            <param index="0">
              <value>
                <![CDATA[{"Params":{"RoleIDs":"[1,2,3,4,5]"}}]]>
              </value>
            </param>
          </params>
          <reporter-output>
          </reporter-output>
        </test-method> <!-- testGetRightsAPI -->
        <test-method status="PASS" signature="testGetRightsAPI(org.json.JSONObject)[pri:0, instance:dataProvider.Excel2Json@6a790e37]" name="testGetRightsAPI" duration-ms="1" started-at="2015-11-05T19:49:08Z" data-provider="getRequestJSON" finished-at="2015-11-05T19:49:08Z">
          <params>
            <param index="0">
              <value>
                <![CDATA[{"Params":{"RoleIDs":"[1,2,3]"}}]]>
              </value>
            </param>
          </params>
          <reporter-output>
          </reporter-output>
        </test-method> <!-- testGetRightsAPI -->
        <test-method status="PASS" signature="testGetRightsAPI(org.json.JSONObject)[pri:0, instance:dataProvider.Excel2Json@6a790e37]" name="testGetRightsAPI" duration-ms="0" started-at="2015-11-05T19:49:08Z" data-provider="getRequestJSON" finished-at="2015-11-05T19:49:08Z">
          <params>
            <param index="0">
              <value>
                <![CDATA[{"Params":{"RoleIDs":"[3,4,5]"}}]]>
              </value>
            </param>
          </params>
          <reporter-output>
          </reporter-output>
        </test-method> <!-- testGetRightsAPI -->
        <test-method status="PASS" signature="testGetRightsAPI(org.json.JSONObject)[pri:0, instance:dataProvider.Excel2Json@6a790e37]" name="testGetRightsAPI" duration-ms="0" started-at="2015-11-05T19:49:08Z" data-provider="getRequestJSON" finished-at="2015-11-05T19:49:08Z">
          <params>
            <param index="0">
              <value>
                <![CDATA[{"Params":{"RoleIDs":"[]"}}]]>
              </value>
            </param>
          </params>
          <reporter-output>
          </reporter-output>
        </test-method> <!-- testGetRightsAPI -->
        <test-method status="PASS" signature="testGetRightsAPI(org.json.JSONObject)[pri:0, instance:dataProvider.Excel2Json@6a790e37]" name="testGetRightsAPI" duration-ms="0" started-at="2015-11-05T19:49:08Z" data-provider="getRequestJSON" finished-at="2015-11-05T19:49:08Z">
          <params>
            <param index="0">
              <value>
                <![CDATA[{"Params":{"RoleIDs":"[true,false,false,null]"}}]]>
              </value>
            </param>
          </params>
          <reporter-output>
          </reporter-output>
        </test-method> <!-- testGetRightsAPI -->
        <test-method status="PASS" signature="testGetRightsAPI(org.json.JSONObject)[pri:0, instance:dataProvider.Excel2Json@6a790e37]" name="testGetRightsAPI" duration-ms="1" started-at="2015-11-05T19:49:08Z" data-provider="getRequestJSON" finished-at="2015-11-05T19:49:08Z">
          <params>
            <param index="0">
              <value>
                <![CDATA[{"Params":{"RoleIDs":true}}]]>
              </value>
            </param>
          </params>
          <reporter-output>
          </reporter-output>
        </test-method> <!-- testGetRightsAPI -->
      </class> <!-- dataProvider.Excel2Json -->
    </test> <!-- Default test -->
  </suite> <!-- Default suite -->
</testng-results>
